<?xml version="1.0" encoding="UTF-8"?>
<testsuite xmlns:xsi="http://www.w3.org/2001/XMLSchema-instance" xsi:noNamespaceSchemaLocation="https://maven.apache.org/surefire/maven-surefire-plugin/xsd/surefire-test-report-3.0.xsd" version="3.0" name="Services.LoginServiceTest" time="0.002" tests="4" errors="0" skipped="0" failures="4">
  <properties>
    <property name="java.specification.version" value="20"/>
    <property name="sun.cpu.isalist" value="amd64"/>
    <property name="sun.jnu.encoding" value="Cp1252"/>
    <property name="java.class.path" value="C:\Users\heili\OneDrive\Workspace\Her23\Spotitube_PO\Spotitube\target\test-classes;C:\Users\heili\OneDrive\Workspace\Her23\Spotitube_PO\Spotitube\target\classes;C:\Users\heili\.m2\repository\org\junit\jupiter\junit-jupiter-api\5.9.0\junit-jupiter-api-5.9.0.jar;C:\Users\heili\.m2\repository\org\opentest4j\opentest4j\1.2.0\opentest4j-1.2.0.jar;C:\Users\heili\.m2\repository\org\junit\platform\junit-platform-commons\1.9.0\junit-platform-commons-1.9.0.jar;C:\Users\heili\.m2\repository\org\apiguardian\apiguardian-api\1.1.2\apiguardian-api-1.1.2.jar;C:\Users\heili\.m2\repository\org\glassfish\jersey\core\jersey-common\3.0.8\jersey-common-3.0.8.jar;C:\Users\heili\.m2\repository\jakarta\ws\rs\jakarta.ws.rs-api\3.0.0\jakarta.ws.rs-api-3.0.0.jar;C:\Users\heili\.m2\repository\jakarta\annotation\jakarta.annotation-api\2.0.0\jakarta.annotation-api-2.0.0.jar;C:\Users\heili\.m2\repository\jakarta\inject\jakarta.inject-api\2.0.1\jakarta.inject-api-2.0.1.jar;C:\Users\heili\.m2\repository\org\glassfish\hk2\osgi-resource-locator\1.0.3\osgi-resource-locator-1.0.3.jar;C:\Users\heili\.m2\repository\javax\javaee-api\8.0.1\javaee-api-8.0.1.jar;C:\Users\heili\.m2\repository\com\sun\mail\javax.mail\1.6.2\javax.mail-1.6.2.jar;C:\Users\heili\.m2\repository\javax\activation\activation\1.1\activation-1.1.jar;C:\Users\heili\.m2\repository\mysql\mysql-connector-java\8.0.30\mysql-connector-java-8.0.30.jar;C:\Users\heili\.m2\repository\com\google\protobuf\protobuf-java\3.19.4\protobuf-java-3.19.4.jar;C:\Users\heili\.m2\repository\org\mockito\mockito-all\1.10.19\mockito-all-1.10.19.jar;"/>
    <property name="java.vm.vendor" value="Oracle Corporation"/>
    <property name="sun.arch.data.model" value="64"/>
    <property name="user.variant" value=""/>
    <property name="java.vendor.url" value="https://java.oracle.com/"/>
    <property name="user.timezone" value="Europe/Amsterdam"/>
    <property name="user.country.format" value="NL"/>
    <property name="os.name" value="Windows 11"/>
    <property name="java.vm.specification.version" value="20"/>
    <property name="sun.java.launcher" value="SUN_STANDARD"/>
    <property name="user.country" value="GB"/>
    <property name="sun.boot.library.path" value="C:\Java\jdk-20.0.1\bin"/>
    <property name="sun.java.command" value="C:\Users\heili\AppData\Local\Temp\surefire13239883845055053503\surefirebooter13979284026916085300.jar C:\Users\heili\AppData\Local\Temp\surefire13239883845055053503 2023-08-13T17-31-45_622-jvmRun1 surefire15995281559920469363tmp surefire_010460148306946344507tmp"/>
    <property name="jdk.debug" value="release"/>
    <property name="surefire.test.class.path" value="C:\Users\heili\OneDrive\Workspace\Her23\Spotitube_PO\Spotitube\target\test-classes;C:\Users\heili\OneDrive\Workspace\Her23\Spotitube_PO\Spotitube\target\classes;C:\Users\heili\.m2\repository\org\junit\jupiter\junit-jupiter-api\5.9.0\junit-jupiter-api-5.9.0.jar;C:\Users\heili\.m2\repository\org\opentest4j\opentest4j\1.2.0\opentest4j-1.2.0.jar;C:\Users\heili\.m2\repository\org\junit\platform\junit-platform-commons\1.9.0\junit-platform-commons-1.9.0.jar;C:\Users\heili\.m2\repository\org\apiguardian\apiguardian-api\1.1.2\apiguardian-api-1.1.2.jar;C:\Users\heili\.m2\repository\org\glassfish\jersey\core\jersey-common\3.0.8\jersey-common-3.0.8.jar;C:\Users\heili\.m2\repository\jakarta\ws\rs\jakarta.ws.rs-api\3.0.0\jakarta.ws.rs-api-3.0.0.jar;C:\Users\heili\.m2\repository\jakarta\annotation\jakarta.annotation-api\2.0.0\jakarta.annotation-api-2.0.0.jar;C:\Users\heili\.m2\repository\jakarta\inject\jakarta.inject-api\2.0.1\jakarta.inject-api-2.0.1.jar;C:\Users\heili\.m2\repository\org\glassfish\hk2\osgi-resource-locator\1.0.3\osgi-resource-locator-1.0.3.jar;C:\Users\heili\.m2\repository\javax\javaee-api\8.0.1\javaee-api-8.0.1.jar;C:\Users\heili\.m2\repository\com\sun\mail\javax.mail\1.6.2\javax.mail-1.6.2.jar;C:\Users\heili\.m2\repository\javax\activation\activation\1.1\activation-1.1.jar;C:\Users\heili\.m2\repository\mysql\mysql-connector-java\8.0.30\mysql-connector-java-8.0.30.jar;C:\Users\heili\.m2\repository\com\google\protobuf\protobuf-java\3.19.4\protobuf-java-3.19.4.jar;C:\Users\heili\.m2\repository\org\mockito\mockito-all\1.10.19\mockito-all-1.10.19.jar;"/>
    <property name="sun.cpu.endian" value="little"/>
    <property name="user.home" value="C:\Users\heili"/>
    <property name="user.language" value="en"/>
    <property name="java.specification.vendor" value="Oracle Corporation"/>
    <property name="java.version.date" value="2023-04-18"/>
    <property name="java.home" value="C:\Java\jdk-20.0.1"/>
    <property name="file.separator" value="\"/>
    <property name="basedir" value="C:\Users\heili\OneDrive\Workspace\Her23\Spotitube_PO\Spotitube"/>
    <property name="java.vm.compressedOopsMode" value="Zero based"/>
    <property name="line.separator" value="&#10;"/>
    <property name="java.vm.specification.vendor" value="Oracle Corporation"/>
    <property name="java.specification.name" value="Java Platform API Specification"/>
    <property name="surefire.real.class.path" value="C:\Users\heili\AppData\Local\Temp\surefire13239883845055053503\surefirebooter13979284026916085300.jar"/>
    <property name="user.script" value=""/>
    <property name="sun.management.compiler" value="HotSpot 64-Bit Tiered Compilers"/>
    <property name="java.runtime.version" value="20.0.1+9-29"/>
    <property name="user.name" value="heili"/>
    <property name="stdout.encoding" value="Cp1252"/>
    <property name="path.separator" value=";"/>
    <property name="os.version" value="10.0"/>
    <property name="java.runtime.name" value="OpenJDK Runtime Environment"/>
    <property name="file.encoding" value="UTF-8"/>
    <property name="java.vm.name" value="OpenJDK 64-Bit Server VM"/>
    <property name="localRepository" value="C:\Users\heili\.m2\repository"/>
    <property name="java.vendor.url.bug" value="https://bugreport.java.com/bugreport/"/>
    <property name="java.io.tmpdir" value="C:\Users\heili\AppData\Local\Temp\"/>
    <property name="java.version" value="20.0.1"/>
    <property name="user.dir" value="C:\Users\heili\OneDrive\Workspace\Her23\Spotitube_PO\Spotitube"/>
    <property name="os.arch" value="amd64"/>
    <property name="java.vm.specification.name" value="Java Virtual Machine Specification"/>
    <property name="user.language.format" value="nl"/>
    <property name="sun.os.patch.level" value=""/>
    <property name="native.encoding" value="Cp1252"/>
    <property name="java.library.path" value="C:\Java\jdk-20.0.1\bin;C:\Windows\Sun\Java\bin;C:\Windows\system32;C:\Windows;C:\Program Files\Microsoft MPI\Bin\;C:\Program Files\Microsoft\jdk-11.0.16.101-hotspot\bin;C:\Program Files (x86)\Intel\Intel(R) Management Engine Components\iCLS\;C:\Program Files\Intel\Intel(R) Management Engine Components\iCLS\;C:\Windows\system32;C:\Windows;C:\Windows\System32\Wbem;C:\Windows\System32\WindowsPowerShell\v1.0\;C:\Windows\System32\OpenSSH\;C:\Program Files (x86)\Intel\Intel(R) Management Engine Components\DAL;C:\Program Files\Intel\Intel(R) Management Engine Components\DAL;C:\Program Files (x86)\Intel\Intel(R) Management Engine Components\IPT;C:\Program Files\Intel\Intel(R) Management Engine Components\IPT;C:\Program Files\Docker\Docker\resources\bin;C:\Program Files\Git\cmd;C:\IT\apache-maven-3.9.2-bin\apache-maven-3.9.2\bin;C:\Program Files\Microsoft SQL Server\150\Tools\Binn\;C:\Program Files\Microsoft SQL Server\Client SDK\ODBC\170\Tools\Binn\;C:\Program Files\dotnet\;C:\Program Files (x86)\Microsoft SQL Server\160\Tools\Binn\;C:\Program Files\Microsoft SQL Server\160\Tools\Binn\;C:\Program Files\Microsoft SQL Server\160\DTS\Binn\;C:\Program Files (x86)\Microsoft SQL Server\160\DTS\Binn\;C:\Program Files\Azure Data Studio\bin;C:\Program Files\MySQL\MySQL Shell 8.0\bin\;C:\Users\heili\AppData\Local\Programs\Python\Python310\Scripts\;C:\Users\heili\AppData\Local\Programs\Python\Python310\;C:\Users\heili\AppData\Local\Microsoft\WindowsApps;C:\Program Files\JetBrains\IntelliJ IDEA 2023.1.2\bin;;C:\Users\heili\.dotnet\tools;C:\IT\apache-tomee-plus-8.0.4;;C:\Users\heili\AppData\Local\Programs\Microsoft VS Code\bin;C:\Program Files\Azure Data Studio\bin;."/>
    <property name="java.vm.info" value="mixed mode, sharing"/>
    <property name="stderr.encoding" value="Cp1252"/>
    <property name="java.vendor" value="Oracle Corporation"/>
    <property name="java.vm.version" value="20.0.1+9-29"/>
    <property name="sun.io.unicode.encoding" value="UnicodeLittle"/>
    <property name="java.class.version" value="64.0"/>
  </properties>
  <testcase name="Services.LoginServiceTest.testGoodToken" classname="Services.LoginServiceTest" time="0">
    <failure message="Cannot invoke &quot;Services.LoginService.checkToken(String)&quot; because &quot;this.loginService&quot; is null" type="java.lang.NullPointerException">java.lang.NullPointerException: Cannot invoke "Services.LoginService.checkToken(String)" because "this.loginService" is null
	at Services.LoginServiceTest.testGoodToken(LoginServiceTest.java:92)
</failure>
  </testcase>
  <testcase name="Services.LoginServiceTest.testBadToken" classname="Services.LoginServiceTest" time="0">
    <failure message="Unexpected exception type thrown, expected: &lt;Services.Exceptions.AuthenticationException&gt; but was: &lt;java.lang.NullPointerException&gt;" type="org.opentest4j.AssertionFailedError"><![CDATA[org.opentest4j.AssertionFailedError: Unexpected exception type thrown, expected: <Services.Exceptions.AuthenticationException> but was: <java.lang.NullPointerException>
	at org.junit.jupiter.api.AssertionFailureBuilder.build(AssertionFailureBuilder.java:151)
	at org.junit.jupiter.api.AssertThrows.assertThrows(AssertThrows.java:67)
	at org.junit.jupiter.api.AssertThrows.assertThrows(AssertThrows.java:35)
	at org.junit.jupiter.api.Assertions.assertThrows(Assertions.java:3082)
	at Services.LoginServiceTest.testBadToken(LoginServiceTest.java:102)
Caused by: java.lang.NullPointerException: Cannot invoke "Services.LoginService.checkToken(String)" because "this.loginService" is null
	at Services.LoginServiceTest.lambda$testBadToken$3(LoginServiceTest.java:102)
	at org.junit.jupiter.api.AssertThrows.assertThrows(AssertThrows.java:53)
	... 14 more
]]></failure>
  </testcase>
  <testcase name="Services.LoginServiceTest.testTokenSQLError" classname="Services.LoginServiceTest" time="0">
    <failure message="Unexpected exception type thrown, expected: &lt;java.sql.SQLException&gt; but was: &lt;java.lang.NullPointerException&gt;" type="org.opentest4j.AssertionFailedError"><![CDATA[org.opentest4j.AssertionFailedError: Unexpected exception type thrown, expected: <java.sql.SQLException> but was: <java.lang.NullPointerException>
	at org.junit.jupiter.api.AssertionFailureBuilder.build(AssertionFailureBuilder.java:151)
	at org.junit.jupiter.api.AssertThrows.assertThrows(AssertThrows.java:67)
	at org.junit.jupiter.api.AssertThrows.assertThrows(AssertThrows.java:35)
	at org.junit.jupiter.api.Assertions.assertThrows(Assertions.java:3082)
	at Services.LoginServiceTest.testTokenSQLError(LoginServiceTest.java:108)
Caused by: java.lang.NullPointerException: Cannot invoke "Services.LoginService.checkToken(String)" because "this.loginService" is null
	at Services.LoginServiceTest.lambda$testTokenSQLError$4(LoginServiceTest.java:108)
	at org.junit.jupiter.api.AssertThrows.assertThrows(AssertThrows.java:53)
	... 14 more
]]></failure>
  </testcase>
  <testcase name="Services.LoginServiceTest.testLoginSQLError" classname="Services.LoginServiceTest" time="0">
    <failure message="Unexpected exception type thrown, expected: &lt;java.sql.SQLException&gt; but was: &lt;java.lang.NullPointerException&gt;" type="org.opentest4j.AssertionFailedError"><![CDATA[org.opentest4j.AssertionFailedError: Unexpected exception type thrown, expected: <java.sql.SQLException> but was: <java.lang.NullPointerException>
	at org.junit.jupiter.api.AssertionFailureBuilder.build(AssertionFailureBuilder.java:151)
	at org.junit.jupiter.api.AssertThrows.assertThrows(AssertThrows.java:67)
	at org.junit.jupiter.api.AssertThrows.assertThrows(AssertThrows.java:35)
	at org.junit.jupiter.api.Assertions.assertThrows(Assertions.java:3082)
	at Services.LoginServiceTest.testLoginSQLError(LoginServiceTest.java:85)
Caused by: java.lang.NullPointerException: Cannot invoke "Services.LoginService.attemptLogin(Services.Login)" because "this.loginService" is null
	at Services.LoginServiceTest.lambda$testLoginSQLError$2(LoginServiceTest.java:85)
	at org.junit.jupiter.api.AssertThrows.assertThrows(AssertThrows.java:53)
	... 14 more
]]></failure>
  </testcase>
</testsuite>